app/build/intermediates/manifest_merge_blame_file/release/processReleaseMainManifest/manifest-merger-blame-release-report.txt
1<?xml version="1.0" encoding="utf-8"?>
2<manifest xmlns:android="http://schemas.android.com/apk/res/android"
3    package="com.mehmetbluetooth"
4    android:versionCode="1"
5    android:versionName="1.0.0" >
6
7    <uses-sdk
8        android:minSdkVersion="23"
9        android:targetSdkVersion="34" />
10
11    <!-- Bluetooth Permissions -->
12    <uses-permission android:name="android.permission.BLUETOOTH" />
12-->src/main/AndroidManifest.xml:6:5-68
12-->src/main/AndroidManifest.xml:6:22-65
13    <uses-permission android:name="android.permission.BLUETOOTH_ADMIN" />
13-->src/main/AndroidManifest.xml:7:5-74
13-->src/main/AndroidManifest.xml:7:22-71
14    <uses-permission android:name="android.permission.BLUETOOTH_SCAN" />
14-->src/main/AndroidManifest.xml:8:5-73
14-->src/main/AndroidManifest.xml:8:22-70
15    <uses-permission android:name="android.permission.BLUETOOTH_ADVERTISE" />
15-->src/main/AndroidManifest.xml:9:5-78
15-->src/main/AndroidManifest.xml:9:22-75
16    <uses-permission android:name="android.permission.BLUETOOTH_CONNECT" />
16-->src/main/AndroidManifest.xml:10:5-76
16-->src/main/AndroidManifest.xml:10:22-73
17
18    <!-- Network Permissions -->
19    <uses-permission android:name="android.permission.ACCESS_NETWORK_STATE" />
19-->src/main/AndroidManifest.xml:13:5-79
19-->src/main/AndroidManifest.xml:13:22-76
20    <uses-permission android:name="android.permission.CHANGE_NETWORK_STATE" />
20-->src/main/AndroidManifest.xml:14:5-79
20-->src/main/AndroidManifest.xml:14:22-76
21    <uses-permission android:name="android.permission.ACCESS_WIFI_STATE" />
21-->src/main/AndroidManifest.xml:15:5-76
21-->src/main/AndroidManifest.xml:15:22-73
22    <uses-permission android:name="android.permission.CHANGE_WIFI_STATE" />
22-->src/main/AndroidManifest.xml:16:5-76
22-->src/main/AndroidManifest.xml:16:22-73
23
24    <!-- Location (required for Bluetooth scanning in Android 12+) -->
25    <uses-permission android:name="android.permission.ACCESS_FINE_LOCATION" />
25-->src/main/AndroidManifest.xml:19:5-79
25-->src/main/AndroidManifest.xml:19:22-76
26    <uses-permission android:name="android.permission.ACCESS_COARSE_LOCATION" />
26-->src/main/AndroidManifest.xml:20:5-81
26-->src/main/AndroidManifest.xml:20:22-78
27
28    <!-- Camera & Audio -->
29    <uses-permission android:name="android.permission.CAMERA" />
29-->src/main/AndroidManifest.xml:23:5-65
29-->src/main/AndroidManifest.xml:23:22-62
30    <uses-permission android:name="android.permission.RECORD_AUDIO" />
30-->src/main/AndroidManifest.xml:24:5-71
30-->src/main/AndroidManifest.xml:24:22-68
31    <uses-permission android:name="android.permission.MODIFY_AUDIO_SETTINGS" />
31-->src/main/AndroidManifest.xml:25:5-80
31-->src/main/AndroidManifest.xml:25:22-77
32
33    <!-- Internet (for optional Wi-Fi Direct fallback) -->
34    <uses-permission android:name="android.permission.INTERNET" />
34-->src/main/AndroidManifest.xml:28:5-67
34-->src/main/AndroidManifest.xml:28:22-64
35
36    <!-- Device Features -->
37    <uses-feature
37-->src/main/AndroidManifest.xml:31:5-33:35
38        android:name="android.hardware.bluetooth"
38-->src/main/AndroidManifest.xml:32:9-50
39        android:required="true" />
39-->src/main/AndroidManifest.xml:33:9-32
40    <uses-feature
40-->src/main/AndroidManifest.xml:34:5-36:36
41        android:name="android.hardware.camera"
41-->src/main/AndroidManifest.xml:35:9-47
42        android:required="false" />
42-->src/main/AndroidManifest.xml:36:9-33
43
44    <permission
44-->[androidx.core:core:1.12.0] AndroidManifest.xml:22:5-24:47
45        android:name="com.mehmetbluetooth.DYNAMIC_RECEIVER_NOT_EXPORTED_PERMISSION"
45-->[androidx.core:core:1.12.0] AndroidManifest.xml:23:9-81
46        android:protectionLevel="signature" />
46-->[androidx.core:core:1.12.0] AndroidManifest.xml:24:9-44
47
48    <uses-permission android:name="com.mehmetbluetooth.DYNAMIC_RECEIVER_NOT_EXPORTED_PERMISSION" />
48-->[androidx.core:core:1.12.0] AndroidManifest.xml:26:5-97
48-->[androidx.core:core:1.12.0] AndroidManifest.xml:26:22-94
49
50    <application
50-->src/main/AndroidManifest.xml:38:5-91:19
51        android:allowBackup="false"
51-->src/main/AndroidManifest.xml:39:9-36
52        android:appComponentFactory="androidx.core.app.CoreComponentFactory"
52-->[androidx.core:core:1.12.0] AndroidManifest.xml:28:18-86
53        android:dataExtractionRules="@xml/data_extraction_rules"
53-->src/main/AndroidManifest.xml:40:9-65
54        android:extractNativeLibs="false"
55        android:fullBackupContent="@xml/backup_rules"
55-->src/main/AndroidManifest.xml:41:9-54
56        android:icon="@android:drawable/sym_def_app_icon"
56-->src/main/AndroidManifest.xml:42:9-58
57        android:label="@string/app_name"
57-->src/main/AndroidManifest.xml:43:9-41
58        android:supportsRtl="true"
58-->src/main/AndroidManifest.xml:44:9-35
59        android:theme="@style/Theme.MEHMETBLUETOOTH"
59-->src/main/AndroidManifest.xml:45:9-53
60        android:usesCleartextTraffic="false" >
60-->src/main/AndroidManifest.xml:46:9-45
61
62        <!-- Onboarding Activity -->
63        <activity
63-->src/main/AndroidManifest.xml:50:9-58:20
64            android:name="com.mehmetbluetooth.ui.OnboardingActivity"
64-->src/main/AndroidManifest.xml:51:13-50
65            android:exported="true"
65-->src/main/AndroidManifest.xml:52:13-36
66            android:theme="@style/Theme.MEHMETBLUETOOTH" >
66-->src/main/AndroidManifest.xml:53:13-57
67            <intent-filter>
67-->src/main/AndroidManifest.xml:54:13-57:29
68                <action android:name="android.intent.action.MAIN" />
68-->src/main/AndroidManifest.xml:55:17-69
68-->src/main/AndroidManifest.xml:55:25-66
69
70                <category android:name="android.intent.category.LAUNCHER" />
70-->src/main/AndroidManifest.xml:56:17-77
70-->src/main/AndroidManifest.xml:56:27-74
71            </intent-filter>
72        </activity>
73
74        <!-- Main Activity -->
75        <activity
75-->src/main/AndroidManifest.xml:61:9-63:40
76            android:name="com.mehmetbluetooth.ui.MainActivity"
76-->src/main/AndroidManifest.xml:62:13-44
77            android:exported="false" />
77-->src/main/AndroidManifest.xml:63:13-37
78
79        <!-- Call Screen Activity (Full Screen Intent) -->
80        <activity
80-->src/main/AndroidManifest.xml:66:9-70:43
81            android:name="com.mehmetbluetooth.ui.CallScreenActivity"
81-->src/main/AndroidManifest.xml:67:13-50
82            android:exported="false"
82-->src/main/AndroidManifest.xml:68:13-37
83            android:showWhenLocked="true"
83-->src/main/AndroidManifest.xml:69:13-42
84            android:turnScreenOn="true" />
84-->src/main/AndroidManifest.xml:70:13-40
85
86        <!-- Video Call Activity -->
87        <activity
87-->src/main/AndroidManifest.xml:73:9-78:43
88            android:name="com.mehmetbluetooth.ui.VideoCallActivity"
88-->src/main/AndroidManifest.xml:74:13-49
89            android:exported="false"
89-->src/main/AndroidManifest.xml:75:13-37
90            android:screenOrientation="portrait"
90-->src/main/AndroidManifest.xml:76:13-49
91            android:showWhenLocked="true"
91-->src/main/AndroidManifest.xml:77:13-42
92            android:turnScreenOn="true" />
92-->src/main/AndroidManifest.xml:78:13-40
93
94        <!-- Direct Message Activity -->
95        <activity
95-->src/main/AndroidManifest.xml:81:9-83:40
96            android:name="com.mehmetbluetooth.ui.DirectMessageActivity"
96-->src/main/AndroidManifest.xml:82:13-53
97            android:exported="false" />
97-->src/main/AndroidManifest.xml:83:13-37
98
99        <!-- Bluetooth Mesh Service -->
100        <service
100-->src/main/AndroidManifest.xml:86:9-89:40
101            android:name="com.mehmetbluetooth.service.BluetoothMeshService"
101-->src/main/AndroidManifest.xml:87:13-57
102            android:enabled="true"
102-->src/main/AndroidManifest.xml:88:13-35
103            android:exported="false" />
103-->src/main/AndroidManifest.xml:89:13-37
104        <service
104-->[androidx.camera:camera-camera2:1.3.0] AndroidManifest.xml:24:9-33:19
105            android:name="androidx.camera.core.impl.MetadataHolderService"
105-->[androidx.camera:camera-camera2:1.3.0] AndroidManifest.xml:25:13-75
106            android:enabled="false"
106-->[androidx.camera:camera-camera2:1.3.0] AndroidManifest.xml:26:13-36
107            android:exported="false" >
107-->[androidx.camera:camera-camera2:1.3.0] AndroidManifest.xml:27:13-37
108            <meta-data
108-->[androidx.camera:camera-camera2:1.3.0] AndroidManifest.xml:30:13-32:89
109                android:name="androidx.camera.core.impl.MetadataHolderService.DEFAULT_CONFIG_PROVIDER"
109-->[androidx.camera:camera-camera2:1.3.0] AndroidManifest.xml:31:17-103
110                android:value="androidx.camera.camera2.Camera2Config$DefaultProvider" />
110-->[androidx.camera:camera-camera2:1.3.0] AndroidManifest.xml:32:17-86
111        </service>
112
113        <provider
113-->[androidx.emoji2:emoji2:1.2.0] AndroidManifest.xml:24:9-32:20
114            android:name="androidx.startup.InitializationProvider"
114-->[androidx.emoji2:emoji2:1.2.0] AndroidManifest.xml:25:13-67
115            android:authorities="com.mehmetbluetooth.androidx-startup"
115-->[androidx.emoji2:emoji2:1.2.0] AndroidManifest.xml:26:13-68
116            android:exported="false" >
116-->[androidx.emoji2:emoji2:1.2.0] AndroidManifest.xml:27:13-37
117            <meta-data
117-->[androidx.emoji2:emoji2:1.2.0] AndroidManifest.xml:29:13-31:52
118                android:name="androidx.emoji2.text.EmojiCompatInitializer"
118-->[androidx.emoji2:emoji2:1.2.0] AndroidManifest.xml:30:17-75
119                android:value="androidx.startup" />
119-->[androidx.emoji2:emoji2:1.2.0] AndroidManifest.xml:31:17-49
120            <meta-data
120-->[androidx.lifecycle:lifecycle-process:2.7.0] AndroidManifest.xml:29:13-31:52
121                android:name="androidx.lifecycle.ProcessLifecycleInitializer"
121-->[androidx.lifecycle:lifecycle-process:2.7.0] AndroidManifest.xml:30:17-78
122                android:value="androidx.startup" />
122-->[androidx.lifecycle:lifecycle-process:2.7.0] AndroidManifest.xml:31:17-49
123            <meta-data
123-->[androidx.profileinstaller:profileinstaller:1.3.0] AndroidManifest.xml:29:13-31:52
124                android:name="androidx.profileinstaller.ProfileInstallerInitializer"
124-->[androidx.profileinstaller:profileinstaller:1.3.0] AndroidManifest.xml:30:17-85
125                android:value="androidx.startup" />
125-->[androidx.profileinstaller:profileinstaller:1.3.0] AndroidManifest.xml:31:17-49
126        </provider>
127
128        <receiver
128-->[androidx.profileinstaller:profileinstaller:1.3.0] AndroidManifest.xml:34:9-52:20
129            android:name="androidx.profileinstaller.ProfileInstallReceiver"
129-->[androidx.profileinstaller:profileinstaller:1.3.0] AndroidManifest.xml:35:13-76
130            android:directBootAware="false"
130-->[androidx.profileinstaller:profileinstaller:1.3.0] AndroidManifest.xml:36:13-44
131            android:enabled="true"
131-->[androidx.profileinstaller:profileinstaller:1.3.0] AndroidManifest.xml:37:13-35
132            android:exported="true"
132-->[androidx.profileinstaller:profileinstaller:1.3.0] AndroidManifest.xml:38:13-36
133            android:permission="android.permission.DUMP" >
133-->[androidx.profileinstaller:profileinstaller:1.3.0] AndroidManifest.xml:39:13-57
134            <intent-filter>
134-->[androidx.profileinstaller:profileinstaller:1.3.0] AndroidManifest.xml:40:13-42:29
135                <action android:name="androidx.profileinstaller.action.INSTALL_PROFILE" />
135-->[androidx.profileinstaller:profileinstaller:1.3.0] AndroidManifest.xml:41:17-91
135-->[androidx.profileinstaller:profileinstaller:1.3.0] AndroidManifest.xml:41:25-88
136            </intent-filter>
137            <intent-filter>
137-->[androidx.profileinstaller:profileinstaller:1.3.0] AndroidManifest.xml:43:13-45:29
138                <action android:name="androidx.profileinstaller.action.SKIP_FILE" />
138-->[androidx.profileinstaller:profileinstaller:1.3.0] AndroidManifest.xml:44:17-85
138-->[androidx.profileinstaller:profileinstaller:1.3.0] AndroidManifest.xml:44:25-82
139            </intent-filter>
140            <intent-filter>
140-->[androidx.profileinstaller:profileinstaller:1.3.0] AndroidManifest.xml:46:13-48:29
141                <action android:name="androidx.profileinstaller.action.SAVE_PROFILE" />
141-->[androidx.profileinstaller:profileinstaller:1.3.0] AndroidManifest.xml:47:17-88
141-->[androidx.profileinstaller:profileinstaller:1.3.0] AndroidManifest.xml:47:25-85
142            </intent-filter>
143            <intent-filter>
143-->[androidx.profileinstaller:profileinstaller:1.3.0] AndroidManifest.xml:49:13-51:29
144                <action android:name="androidx.profileinstaller.action.BENCHMARK_OPERATION" />
144-->[androidx.profileinstaller:profileinstaller:1.3.0] AndroidManifest.xml:50:17-95
144-->[androidx.profileinstaller:profileinstaller:1.3.0] AndroidManifest.xml:50:25-92
145            </intent-filter>
146        </receiver>
147    </application>
148
149</manifest>